<?xml version="1.0" encoding="UTF-8"?>
<!-- Generated by org.testng.reporters.JUnitReportReporter -->
<testsuite hostname="LAPTOP-QQ1QA7FQ" name="qaclickacademy.Mavenjava.AppiumTest" tests="2" failures="0" timestamp="14 Apr 2021 13:46:19 GMT" time="0.025" errors="0">
  <testcase name="NativeAppAndroid" time="0.002" classname="qaclickacademy.Mavenjava.AppiumTest"/>
  <testcase name="IOSApps" time="0.023" classname="qaclickacademy.Mavenjava.AppiumTest"/>
</testsuite> <!-- qaclickacademy.Mavenjava.AppiumTest -->
