<?xml version="1.0" encoding="UTF-8"?>
<!-- Generated by org.testng.reporters.JUnitReportReporter -->
<testsuite skipped="0" hostname="LAPTOP-QQ1QA7FQ" name="qaclickacademy.Mavenjava.RESTAPITest" tests="2" failures="0" timestamp="15 Apr 2021 04:22:46 GMT" time="0.005" errors="0">
  <testcase name="postJira" time="0.004" classname="qaclickacademy.Mavenjava.RESTAPITest"/>
  <testcase name="deleteTwitter" time="0.001" classname="qaclickacademy.Mavenjava.RESTAPITest"/>
</testsuite> <!-- qaclickacademy.Mavenjava.RESTAPITest -->
