<?xml version="1.0" encoding="UTF-8"?>
<!-- Generated by org.testng.reporters.JUnitReportReporter -->
<testsuite skipped="0" hostname="LAPTOP-QQ1QA7FQ" name="qaclickacademy.Mavenjava.AppiumTest" tests="2" failures="0" timestamp="15 Apr 2021 04:27:25 GMT" time="0.018" errors="0">
  <testcase name="IOSApps" time="0.016" classname="qaclickacademy.Mavenjava.AppiumTest"/>
  <testcase name="NativeAppAndroid" time="0.002" classname="qaclickacademy.Mavenjava.AppiumTest"/>
</testsuite> <!-- qaclickacademy.Mavenjava.AppiumTest -->
